::1 - - [12/Mar/2020:18:50:22 -0300] "GET / HTTP/1.1" 200 205
::1 - - [12/Mar/2020:18:50:22 -0300] "GET /favicon.ico HTTP/1.1" 404 209
::1 - - [12/Mar/2020:18:50:24 -0300] "GET /EasyTech/ HTTP/1.1" 200 17722
::1 - - [12/Mar/2020:18:50:26 -0300] "GET /EasyTech/sw.js HTTP/1.1" 304 -
::1 - - [12/Mar/2020:18:50:29 -0300] "GET /EasyTech/img/logo/logo-white.png HTTP/1.1" 200 568678
::1 - - [12/Mar/2020:18:50:37 -0300] "GET /phpmyadmin HTTP/1.1" 301 241
::1 - - [12/Mar/2020:18:50:37 -0300] "GET /phpmyadmin/ HTTP/1.1" 200 3459
::1 - - [12/Mar/2020:18:50:39 -0300] "GET /phpmyadmin/js/codemirror/lib/codemirror.css?v=4.7.5 HTTP/1.1" 200 8132
::1 - - [12/Mar/2020:18:50:39 -0300] "GET /phpmyadmin/themes/pmahomme/jquery/jquery-ui.css HTTP/1.1" 200 36566
::1 - - [12/Mar/2020:18:50:39 -0300] "GET /phpmyadmin/js/codemirror/addon/hint/show-hint.css?v=4.7.5 HTTP/1.1" 200 623
::1 - - [12/Mar/2020:18:50:39 -0300] "GET /phpmyadmin/js/codemirror/addon/lint/lint.css?v=4.7.5 HTTP/1.1" 200 2999
::1 - - [12/Mar/2020:18:50:39 -0300] "GET /phpmyadmin/js/get_scripts.js.php?scripts%5B%5D=navigation.js&scripts%5B%5D=indexes.js&scripts%5B%5D=common.js&scripts%5B%5D=page_settings.js&scripts%5B%5D=shortcuts_handler.js&scripts%5B%5D=codemirror/lib/codemirror.js&scripts%5B%5D=codemirror/mode/sql/sql.js&scripts%5B%5D=codemirror/addon/runmode/runmode.js&scripts%5B%5D=codemirror/addon/hint/show-hint.js&scripts%5B%5D=codemirror/addon/hint/sql-hint.js&v=4.7.5 HTTP/1.1" 200 135447
::1 - - [12/Mar/2020:18:50:39 -0300] "GET /phpmyadmin/js/get_scripts.js.php?scripts%5B%5D=jquery/jquery.ba-hashchange-1.3.js&scripts%5B%5D=jquery/jquery.debounce-1.0.5.js&scripts%5B%5D=menu-resizer.js&scripts%5B%5D=cross_framing_protection.js&scripts%5B%5D=rte.js&scripts%5B%5D=tracekit/tracekit.js&scripts%5B%5D=error_report.js&scripts%5B%5D=config.js&scripts%5B%5D=doclinks.js&scripts%5B%5D=functions.js&v=4.7.5 HTTP/1.1" 200 77087
::1 - - [12/Mar/2020:18:50:39 -0300] "GET /phpmyadmin/js/get_scripts.js.php?scripts%5B%5D=jquery/jquery.min.js&scripts%5B%5D=jquery/jquery-migrate-3.0.0.js&scripts%5B%5D=sprintf.js&scripts%5B%5D=ajax.js&scripts%5B%5D=keyhandler.js&scripts%5B%5D=jquery/jquery-ui.min.js&scripts%5B%5D=jquery/jquery.cookie.js&scripts%5B%5D=jquery/jquery.mousewheel.js&scripts%5B%5D=jquery/jquery.event.drag-2.2.js&scripts%5B%5D=jquery/jquery-ui-timepicker-addon.js&v=4.7.5 HTTP/1.1" 200 138876
::1 - - [12/Mar/2020:18:50:39 -0300] "GET /phpmyadmin/themes/pmahomme/img/logo_right.png HTTP/1.1" 200 4601
::1 - - [12/Mar/2020:18:50:39 -0300] "GET /phpmyadmin/themes/dot.gif HTTP/1.1" 200 43
::1 - - [12/Mar/2020:18:50:39 -0300] "GET /phpmyadmin/themes/pmahomme/css/printview.css?v=4.7.5 HTTP/1.1" 200 2746
::1 - - [12/Mar/2020:18:50:39 -0300] "GET /phpmyadmin/js/get_scripts.js.php?scripts%5B%5D=codemirror/addon/lint/lint.js&scripts%5B%5D=codemirror/addon/lint/sql-lint.js&scripts%5B%5D=console.js&v=4.7.5 HTTP/1.1" 200 13176
::1 - - [12/Mar/2020:18:50:39 -0300] "GET /phpmyadmin/phpmyadmin.css.php?nocache=4528413218ltr&server=1 HTTP/1.1" 200 20133
::1 - - [12/Mar/2020:18:50:39 -0300] "GET /phpmyadmin/js/whitelist.php?v=4.7.5&lang=pt&collation_connection=utf8mb4_unicode_ci HTTP/1.1" 200 475
::1 - - [12/Mar/2020:18:50:39 -0300] "GET /phpmyadmin/js/messages.php?l=pt&v=4.7.5&lang=pt&collation_connection=utf8mb4_unicode_ci HTTP/1.1" 200 9832
::1 - - [12/Mar/2020:18:50:39 -0300] "GET /phpmyadmin/js/get_image.js.php?theme=pmahomme&v=4.7.5&lang=pt&collation_connection=utf8mb4_unicode_ci HTTP/1.1" 200 1841
::1 - - [12/Mar/2020:18:50:40 -0300] "GET /phpmyadmin/themes/pmahomme/img/sprites.png?v=4.7.5 HTTP/1.1" 200 15764
::1 - - [12/Mar/2020:18:50:40 -0300] "GET /phpmyadmin/favicon.ico HTTP/1.1" 200 22486
::1 - - [12/Mar/2020:18:50:47 -0300] "POST /phpmyadmin/index.php HTTP/1.1" 302 25
::1 - - [12/Mar/2020:18:50:47 -0300] "GET /phpmyadmin/index.php HTTP/1.1" 200 13823
::1 - - [12/Mar/2020:18:50:48 -0300] "GET /phpmyadmin/themes/pmahomme/img/ajax_clock_small.gif HTTP/1.1" 200 1810
::1 - - [12/Mar/2020:18:50:48 -0300] "GET /phpmyadmin/themes/pmahomme/img/logo_left.png HTTP/1.1" 200 2827
::1 - - [12/Mar/2020:18:50:48 -0300] "GET /phpmyadmin/themes/pmahomme/img/s_collapseall.png HTTP/1.1" 200 170
::1 - - [12/Mar/2020:18:50:48 -0300] "GET /phpmyadmin/js/whitelist.php?v=4.7.5 HTTP/1.1" 200 475
::1 - - [12/Mar/2020:18:50:48 -0300] "GET /phpmyadmin/phpmyadmin.css.php?nocache=6112463065ltr&server=1 HTTP/1.1" 200 20133
::1 - - [12/Mar/2020:18:50:48 -0300] "GET /phpmyadmin/js/messages.php?l=pt&v=4.7.5 HTTP/1.1" 200 9832
::1 - - [12/Mar/2020:18:50:48 -0300] "GET /phpmyadmin/js/get_image.js.php?theme=pmahomme&v=4.7.5 HTTP/1.1" 200 1841
::1 - - [12/Mar/2020:18:50:48 -0300] "GET /phpmyadmin/themes/pmahomme/img/left_nav_bg.png HTTP/1.1" 200 257
::1 - - [12/Mar/2020:18:50:48 -0300] "POST /phpmyadmin/navigation.php?ajax_request=1 HTTP/1.1" 200 1924
::1 - - [12/Mar/2020:18:50:48 -0300] "POST /phpmyadmin/version_check.php HTTP/1.1" 200 64
::1 - - [12/Mar/2020:18:50:52 -0300] "GET /phpmyadmin/navigation.php?ajax_request=1&aPath=cm9vdA%3D%3D.cHJvamV0bw%3D%3D&vPath=cm9vdA%3D%3D.cHJvamV0bw%3D%3D&pos=0&pos2_name=&pos2_value=&searchClause=&searchClause2=&_nocache=1584049852954426218 HTTP/1.1" 200 2099
::1 - - [12/Mar/2020:18:50:54 -0300] "GET /phpmyadmin/sql.php?server=1&db=projeto&table=cliente_cli&pos=0&ajax_request=true&ajax_page_request=true&_nocache=1584049854681581726 HTTP/1.1" 200 8504
::1 - - [12/Mar/2020:18:50:55 -0300] "GET /phpmyadmin/themes/pmahomme/img/s_fulltext.png HTTP/1.1" 200 193
::1 - - [12/Mar/2020:18:50:55 -0300] "GET /phpmyadmin/themes/pmahomme/img/arrow_ltr.png HTTP/1.1" 200 139
::1 - - [12/Mar/2020:18:50:55 -0300] "GET /phpmyadmin/js/get_scripts.js.php?scripts%5B%5D=jquery/jquery.uitablefilter.js&scripts%5B%5D=tbl_change.js&scripts%5B%5D=gis_data_editor.js&scripts%5B%5D=multi_column_sort.js&scripts%5B%5D=makegrid.js&scripts%5B%5D=sql.js&call_done=1&v=4.7.5&call_done=1&v=4.7.5 HTTP/1.1" 200 38777
::1 - - [12/Mar/2020:18:50:55 -0300] "GET /phpmyadmin/themes/pmahomme/img/col_pointer.png HTTP/1.1" 200 113
::1 - - [12/Mar/2020:18:50:55 -0300] "GET /phpmyadmin/themes/pmahomme/img/col_drop.png HTTP/1.1" 200 132
::1 - - [12/Mar/2020:18:50:55 -0300] "GET /phpmyadmin/index.php?ajax_request=1&recent_table=1&no_debug=true&_nocache=158404985558884020 HTTP/1.1" 200 1461
